Determining if the pthread_create exist failed with the following output:
Change Dir: /home/simoneforno/simon_ws/build/CMakeFiles/CMakeTmp

Run Build Command:"/usr/bin/make" "cmTC_8676d/fast"
/usr/bin/make -f CMakeFiles/cmTC_8676d.dir/build.make CMakeFiles/cmTC_8676d.dir/build
make[1]: Entering directory '/home/simoneforno/simon_ws/build/CMakeFiles/CMakeTmp'
Building C object CMakeFiles/cmTC_8676d.dir/CheckSymbolExists.c.o
/usr/bin/cc     -o CMakeFiles/cmTC_8676d.dir/CheckSymbolExists.c.o   -c /home/simoneforno/simon_ws/build/CMakeFiles/CMakeTmp/CheckSymbolExists.c
Linking C executable cmTC_8676d
/usr/bin/cmake -E cmake_link_script CMakeFiles/cmTC_8676d.dir/link.txt --verbose=1
/usr/bin/cc       CMakeFiles/cmTC_8676d.dir/CheckSymbolExists.c.o  -o cmTC_8676d -rdynamic 
CMakeFiles/cmTC_8676d.dir/CheckSymbolExists.c.o: In function `main':
CheckSymbolExists.c:(.text+0x16): undefined reference to `pthread_create'
collect2: error: ld returned 1 exit status
CMakeFiles/cmTC_8676d.dir/build.make:97: recipe for target 'cmTC_8676d' failed
make[1]: *** [cmTC_8676d] Error 1
make[1]: Leaving directory '/home/simoneforno/simon_ws/build/CMakeFiles/CMakeTmp'
Makefile:126: recipe for target 'cmTC_8676d/fast' failed
make: *** [cmTC_8676d/fast] Error 2

File /home/simoneforno/simon_ws/build/CMakeFiles/CMakeTmp/CheckSymbolExists.c:
/* */
#include <pthread.h>

int main(int argc, char** argv)
{
  (void)argv;
#ifndef pthread_create
  return ((int*)(&pthread_create))[argc];
#else
  (void)argc;
  return 0;
#endif
}

Determining if the function pthread_create exists in the pthreads failed with the following output:
Change Dir: /home/simoneforno/simon_ws/build/CMakeFiles/CMakeTmp

Run Build Command:"/usr/bin/make" "cmTC_227f3/fast"
/usr/bin/make -f CMakeFiles/cmTC_227f3.dir/build.make CMakeFiles/cmTC_227f3.dir/build
make[1]: Entering directory '/home/simoneforno/simon_ws/build/CMakeFiles/CMakeTmp'
Building C object CMakeFiles/cmTC_227f3.dir/CheckFunctionExists.c.o
/usr/bin/cc    -DCHECK_FUNCTION_EXISTS=pthread_create   -o CMakeFiles/cmTC_227f3.dir/CheckFunctionExists.c.o   -c /usr/share/cmake-3.5/Modules/CheckFunctionExists.c
Linking C executable cmTC_227f3
/usr/bin/cmake -E cmake_link_script CMakeFiles/cmTC_227f3.dir/link.txt --verbose=1
/usr/bin/cc   -DCHECK_FUNCTION_EXISTS=pthread_create    CMakeFiles/cmTC_227f3.dir/CheckFunctionExists.c.o  -o cmTC_227f3 -rdynamic -lpthreads 
/usr/bin/ld: cannot find -lpthreads
collect2: error: ld returned 1 exit status
CMakeFiles/cmTC_227f3.dir/build.make:97: recipe for target 'cmTC_227f3' failed
make[1]: *** [cmTC_227f3] Error 1
make[1]: Leaving directory '/home/simoneforno/simon_ws/build/CMakeFiles/CMakeTmp'
Makefile:126: recipe for target 'cmTC_227f3/fast' failed
make: *** [cmTC_227f3/fast] Error 2


Determining if the include file pgm.h exists failed with the following output:
Change Dir: /home/simoneforno/simon_ws/build/CMakeFiles/CMakeTmp

Run Build Command:"/usr/bin/make" "cmTC_49f23/fast"
/usr/bin/make -f CMakeFiles/cmTC_49f23.dir/build.make CMakeFiles/cmTC_49f23.dir/build
make[1]: Entering directory '/home/simoneforno/simon_ws/build/CMakeFiles/CMakeTmp'
Building CXX object CMakeFiles/cmTC_49f23.dir/CheckIncludeFile.cxx.o
/usr/bin/c++      -o CMakeFiles/cmTC_49f23.dir/CheckIncludeFile.cxx.o -c /home/simoneforno/simon_ws/build/CMakeFiles/CMakeTmp/CheckIncludeFile.cxx
/home/simoneforno/simon_ws/build/CMakeFiles/CMakeTmp/CheckIncludeFile.cxx:1:17: fatal error: pgm.h: No such file or directory
compilation terminated.
CMakeFiles/cmTC_49f23.dir/build.make:65: recipe for target 'CMakeFiles/cmTC_49f23.dir/CheckIncludeFile.cxx.o' failed
make[1]: *** [CMakeFiles/cmTC_49f23.dir/CheckIncludeFile.cxx.o] Error 1
make[1]: Leaving directory '/home/simoneforno/simon_ws/build/CMakeFiles/CMakeTmp'
Makefile:126: recipe for target 'cmTC_49f23/fast' failed
make: *** [cmTC_49f23/fast] Error 2


